---------------------------------------------------------------
[ 2020-07-22T20:49:55+08:00 ] 120.216.255.125 GET fast.xtzhjp.com/
[运行时间：0.027952s] [吞吐率：35.78req/s] [内存消耗：2,696.64kb] [文件加载：116]
[ info ] [ BEHAVIOR ] Run Closure @app_init [ RunTime:0.000127s ]
[ info ] [ CACHE ] INIT Redis
[ info ] [ BEHAVIOR ] Run \addons\epay\Epay @app_init [ RunTime:0.001845s ]
[ info ] [ BEHAVIOR ] Run Closure @app_init [ RunTime:0.001859s ]
[ info ] [ LANG ] /www/wwwroot/fast/www.fast.com/thinkphp/lang/zh-cn.php
[ info ] [ BEHAVIOR ] Run app\common\behavior\Common @app_dispatch [ RunTime:0.000164s ]
[ info ] [ ROUTE ] array (
  'type' => 'module',
  'module' => 
  array (
    0 => '',
    1 => NULL,
    2 => NULL,
  ),
)
[ info ] [ HEADER ] array (
  'accept-language' => 'zh-CN,zh;q=0.9',
  'accept-encoding' => 'gzip, deflate',
  'referer' => 'http://39.97.173.63:8888/site',
  'accept' => 'text/html,application/xhtml+xml,application/xml;q=0.9,image/webp,image/apng,*/*;q=0.8,application/signed-exchange;v=b3;q=0.9',
  'user-agent' => 'Mozilla/5.0 (Windows NT 6.1; Win64; x64) AppleWebKit/537.36 (KHTML, like Gecko) Chrome/81.0.4044.138 Safari/537.36',
  'upgrade-insecure-requests' => '1',
  'connection' => 'keep-alive',
  'host' => 'fast.xtzhjp.com',
  'content-type' => '',
  'content-length' => '',
)
[ info ] [ PARAM ] array (
)
[ info ] [ LANG ] /www/wwwroot/fast/www.fast.com/public/../application/index/lang/zh-cn.php
[ info ] [ BEHAVIOR ] Run app\common\behavior\Common @module_init [ RunTime:0.001058s ]
[ info ] [ RUN ] app\index\controller\Index->index[ /www/wwwroot/fast/www.fast.com/application/index/controller/Index.php ]
[ info ] [ VIEW ] /www/wwwroot/fast/www.fast.com/public/../application/index/view/index/index.html [ array (
) ]
[ info ] [ LOG ] INIT File
[ error ] [8]未定义变量: code[/www/wwwroot/fast/www.fast.com/runtime/temp/8931ca770d31a982b1f56330afa33980.php:22]
---------------------------------------------------------------
[ 2020-07-22T20:49:57+08:00 ] 120.216.255.125 GET fast.xtzhjp.com/favicon.ico
[运行时间：0.021979s] [吞吐率：45.50req/s] [内存消耗：2,234.88kb] [文件加载：107]
[ info ] [ BEHAVIOR ] Run Closure @app_init [ RunTime:0.000115s ]
[ info ] [ CACHE ] INIT Redis
[ info ] [ BEHAVIOR ] Run \addons\epay\Epay @app_init [ RunTime:0.001769s ]
[ info ] [ BEHAVIOR ] Run Closure @app_init [ RunTime:0.001781s ]
[ info ] [ LANG ] /www/wwwroot/fast/www.fast.com/thinkphp/lang/zh-cn.php
[ info ] [ BEHAVIOR ] Run app\common\behavior\Common @app_dispatch [ RunTime:0.000153s ]
[ info ] [ ROUTE ] array (
  'type' => 'module',
  'module' => 
  array (
    0 => 'favicon.ico',
    1 => NULL,
    2 => NULL,
  ),
)
[ info ] [ HEADER ] array (
  'cookie' => 'thinkphp_show_page_trace=0|0',
  'accept-language' => 'zh-CN,zh;q=0.9',
  'accept-encoding' => 'gzip, deflate',
  'referer' => 'http://fast.xtzhjp.com/',
  'accept' => 'image/webp,image/apng,image/*,*/*;q=0.8',
  'user-agent' => 'Mozilla/5.0 (Windows NT 6.1; Win64; x64) AppleWebKit/537.36 (KHTML, like Gecko) Chrome/81.0.4044.138 Safari/537.36',
  'connection' => 'keep-alive',
  'host' => 'fast.xtzhjp.com',
  'content-type' => '',
  'content-length' => '',
)
[ info ] [ PARAM ] array (
)
[ info ] [ LOG ] INIT File
---------------------------------------------------------------
[ 2020-07-22T20:50:03+08:00 ] 180.163.220.66 GET fast.xtzhjp.com/
[运行时间：0.025162s] [吞吐率：39.74req/s] [内存消耗：2,477.44kb] [文件加载：114]
[ info ] [ BEHAVIOR ] Run Closure @app_init [ RunTime:0.000120s ]
[ info ] [ CACHE ] INIT Redis
[ info ] [ BEHAVIOR ] Run \addons\epay\Epay @app_init [ RunTime:0.001832s ]
[ info ] [ BEHAVIOR ] Run Closure @app_init [ RunTime:0.001847s ]
[ info ] [ LANG ] /www/wwwroot/fast/www.fast.com/thinkphp/lang/zh-cn.php
[ info ] [ BEHAVIOR ] Run app\common\behavior\Common @app_dispatch [ RunTime:0.000155s ]
[ info ] [ ROUTE ] array (
  'type' => 'module',
  'module' => 
  array (
    0 => '',
    1 => NULL,
    2 => NULL,
  ),
)
[ info ] [ HEADER ] array (
  'accept-encoding' => 'gzip, deflate',
  'accept' => 'text/html,application/xhtml+xml,application/xml;q=0.9,image/webp,image/apng,*/*;q=0.8',
  'upgrade-insecure-requests' => '1',
  'user-agent' => 'Mozilla/5.0 (Linux; U; Android 8.1.0; zh-CN; EML-AL00 Build/HUAWEIEML-AL00) AppleWebKit/537.36 (KHTML, like Gecko) Version/4.0 Chrome/57.0.2987.108 baidu.sogo.uc.UCBrowser/11.9.4.974 UWS/2.13.1.48 Mobile Safari/537.36 AliApp(DingTalk/4.5.11) com.alibaba.android.rimet/10487439 Channel/227200 language/zh-CN',
  'connection' => 'keep-alive',
  'host' => 'fast.xtzhjp.com',
  'content-type' => '',
  'content-length' => '',
)
[ info ] [ PARAM ] array (
)
[ info ] [ LANG ] /www/wwwroot/fast/www.fast.com/public/../application/index/lang/zh-cn.php
[ info ] [ BEHAVIOR ] Run app\common\behavior\Common @module_init [ RunTime:0.001134s ]
[ info ] [ RUN ] app\index\controller\Index->index[ /www/wwwroot/fast/www.fast.com/application/index/controller/Index.php ]
[ info ] [ VIEW ] /www/wwwroot/fast/www.fast.com/public/../application/index/view/index/index.html [ array (
) ]
[ info ] [ LOG ] INIT File
[ error ] [8]未定义变量: code[/www/wwwroot/fast/www.fast.com/runtime/temp/8931ca770d31a982b1f56330afa33980.php:22]
---------------------------------------------------------------
[ 2020-07-22T20:50:09+08:00 ] 120.216.255.125 GET fast.xtzhjp.com/index/opay/index
[运行时间：0.027423s] [吞吐率：36.47req/s] [内存消耗：2,982.34kb] [文件加载：113]
[ info ] [ BEHAVIOR ] Run Closure @app_init [ RunTime:0.000116s ]
[ info ] [ CACHE ] INIT Redis
[ info ] [ BEHAVIOR ] Run \addons\epay\Epay @app_init [ RunTime:0.001816s ]
[ info ] [ BEHAVIOR ] Run Closure @app_init [ RunTime:0.001828s ]
[ info ] [ LANG ] /www/wwwroot/fast/www.fast.com/thinkphp/lang/zh-cn.php
[ info ] [ BEHAVIOR ] Run app\common\behavior\Common @app_dispatch [ RunTime:0.000193s ]
[ info ] [ ROUTE ] array (
  'type' => 'module',
  'module' => 
  array (
    0 => 'index',
    1 => 'opay',
    2 => 'index',
  ),
)
[ info ] [ HEADER ] array (
  'cookie' => 'thinkphp_show_page_trace=0|0',
  'accept-language' => 'zh-CN,zh;q=0.9',
  'accept-encoding' => 'gzip, deflate',
  'accept' => 'text/html,application/xhtml+xml,application/xml;q=0.9,image/webp,image/apng,*/*;q=0.8,application/signed-exchange;v=b3;q=0.9',
  'user-agent' => 'Mozilla/5.0 (Windows NT 6.1; Win64; x64) AppleWebKit/537.36 (KHTML, like Gecko) Chrome/81.0.4044.138 Safari/537.36',
  'upgrade-insecure-requests' => '1',
  'cache-control' => 'no-cache',
  'pragma' => 'no-cache',
  'connection' => 'keep-alive',
  'host' => 'fast.xtzhjp.com',
  'content-type' => '',
  'content-length' => '',
)
[ info ] [ PARAM ] array (
)
[ info ] [ LANG ] /www/wwwroot/fast/www.fast.com/public/../application/index/lang/zh-cn.php
[ info ] [ BEHAVIOR ] Run app\common\behavior\Common @module_init [ RunTime:0.001064s ]
[ info ] [ RUN ] app\index\controller\Opay->index[ /www/wwwroot/fast/www.fast.com/application/index/controller/Opay.php ]
[ info ] [ LOG ] INIT File
[ error ] [2]include(/www/wwwroot/fast/www.fast.com/vendor/composer/../omnipay/common/src/Omnipay.php): failed to open stream: No such file or directory[/www/wwwroot/fast/www.fast.com/thinkphp/library/think/Loader.php:666]
---------------------------------------------------------------
[ 2020-07-22T20:50:16+08:00 ] 180.163.220.5 GET fast.xtzhjp.com/index/opay/index
[运行时间：0.027502s] [吞吐率：36.36req/s] [内存消耗：3,082.83kb] [文件加载：112]
[ info ] [ BEHAVIOR ] Run Closure @app_init [ RunTime:0.000122s ]
[ info ] [ CACHE ] INIT Redis
[ info ] [ BEHAVIOR ] Run \addons\epay\Epay @app_init [ RunTime:0.001806s ]
[ info ] [ BEHAVIOR ] Run Closure @app_init [ RunTime:0.001820s ]
[ info ] [ LANG ] /www/wwwroot/fast/www.fast.com/thinkphp/lang/zh-cn.php
[ info ] [ BEHAVIOR ] Run app\common\behavior\Common @app_dispatch [ RunTime:0.000158s ]
[ info ] [ ROUTE ] array (
  'type' => 'module',
  'module' => 
  array (
    0 => 'index',
    1 => 'opay',
    2 => 'index',
  ),
)
[ info ] [ HEADER ] array (
  'accept-encoding' => 'gzip, deflate',
  'accept' => 'text/html,application/xhtml+xml,application/xml;q=0.9,image/webp,image/apng,*/*;q=0.8',
  'upgrade-insecure-requests' => '1',
  'user-agent' => 'Mozilla/5.0 (Linux; U; Android 8.1.0; zh-CN; EML-AL00 Build/HUAWEIEML-AL00) AppleWebKit/537.36 (KHTML, like Gecko) Version/4.0 Chrome/57.0.2987.108 baidu.sogo.uc.UCBrowser/11.9.4.974 UWS/2.13.1.48 Mobile Safari/537.36 AliApp(DingTalk/4.5.11) com.alibaba.android.rimet/10487439 Channel/227200 language/zh-CN',
  'connection' => 'keep-alive',
  'host' => 'fast.xtzhjp.com',
  'content-type' => '',
  'content-length' => '',
)
[ info ] [ PARAM ] array (
)
[ info ] [ LANG ] /www/wwwroot/fast/www.fast.com/public/../application/index/lang/zh-cn.php
[ info ] [ BEHAVIOR ] Run app\common\behavior\Common @module_init [ RunTime:0.001115s ]
[ info ] [ RUN ] app\index\controller\Opay->index[ /www/wwwroot/fast/www.fast.com/application/index/controller/Opay.php ]
[ info ] [ LOG ] INIT File
[ error ] [2]include(/www/wwwroot/fast/www.fast.com/vendor/composer/../omnipay/common/src/Omnipay.php): failed to open stream: No such file or directory[/www/wwwroot/fast/www.fast.com/thinkphp/library/think/Loader.php:666]
---------------------------------------------------------------
[ 2020-07-22T20:50:22+08:00 ] 180.163.220.4 GET fast.xtzhjp.com/
[运行时间：0.026042s] [吞吐率：38.40req/s] [内存消耗：2,479.73kb] [文件加载：114]
[ info ] [ BEHAVIOR ] Run Closure @app_init [ RunTime:0.000153s ]
[ info ] [ CACHE ] INIT Redis
[ info ] [ BEHAVIOR ] Run \addons\epay\Epay @app_init [ RunTime:0.001917s ]
[ info ] [ BEHAVIOR ] Run Closure @app_init [ RunTime:0.001963s ]
[ info ] [ LANG ] /www/wwwroot/fast/www.fast.com/thinkphp/lang/zh-cn.php
[ info ] [ BEHAVIOR ] Run app\common\behavior\Common @app_dispatch [ RunTime:0.000158s ]
[ info ] [ ROUTE ] array (
  'type' => 'module',
  'module' => 
  array (
    0 => '',
    1 => NULL,
    2 => NULL,
  ),
)
[ info ] [ HEADER ] array (
  'accept-encoding' => 'gzip, deflate',
  'referer' => 'http://baidu.com/',
  'accept' => 'text/html,application/xhtml+xml,application/xml;q=0.9,image/webp,image/apng,*/*;q=0.8',
  'user-agent' => 'Mozilla/5.0 (Linux; U; Android 8.1.0; zh-CN; EML-AL00 Build/HUAWEIEML-AL00) AppleWebKit/537.36 (KHTML, like Gecko) Version/4.0 Chrome/57.0.2987.108 baidu.sogo.uc.UCBrowser/11.9.4.974 UWS/2.13.1.48 Mobile Safari/537.36 AliApp(DingTalk/4.5.11) com.alibaba.android.rimet/10487439 Channel/227200 language/zh-CN',
  'upgrade-insecure-requests' => '1',
  'cache-control' => 'no-cache',
  'pragma' => 'no-cache',
  'connection' => 'keep-alive',
  'host' => 'fast.xtzhjp.com',
  'content-type' => '',
  'content-length' => '',
)
[ info ] [ PARAM ] array (
)
[ info ] [ LANG ] /www/wwwroot/fast/www.fast.com/public/../application/index/lang/zh-cn.php
[ info ] [ BEHAVIOR ] Run app\common\behavior\Common @module_init [ RunTime:0.001099s ]
[ info ] [ RUN ] app\index\controller\Index->index[ /www/wwwroot/fast/www.fast.com/application/index/controller/Index.php ]
[ info ] [ VIEW ] /www/wwwroot/fast/www.fast.com/public/../application/index/view/index/index.html [ array (
) ]
[ info ] [ LOG ] INIT File
[ error ] [8]未定义变量: code[/www/wwwroot/fast/www.fast.com/runtime/temp/8931ca770d31a982b1f56330afa33980.php:22]
---------------------------------------------------------------
[ 2020-07-22T20:50:29+08:00 ] 180.163.220.3 GET fast.xtzhjp.com/index/opay/index
[运行时间：0.029265s] [吞吐率：34.17req/s] [内存消耗：2,982.55kb] [文件加载：113]
[ info ] [ BEHAVIOR ] Run Closure @app_init [ RunTime:0.000120s ]
[ info ] [ CACHE ] INIT Redis
[ info ] [ BEHAVIOR ] Run \addons\epay\Epay @app_init [ RunTime:0.001849s ]
[ info ] [ BEHAVIOR ] Run Closure @app_init [ RunTime:0.001863s ]
[ info ] [ LANG ] /www/wwwroot/fast/www.fast.com/thinkphp/lang/zh-cn.php
[ info ] [ BEHAVIOR ] Run app\common\behavior\Common @app_dispatch [ RunTime:0.000161s ]
[ info ] [ ROUTE ] array (
  'type' => 'module',
  'module' => 
  array (
    0 => 'index',
    1 => 'opay',
    2 => 'index',
  ),
)
[ info ] [ HEADER ] array (
  'accept-encoding' => 'gzip, deflate',
  'referer' => 'http://baidu.com/',
  'accept' => 'text/html,application/xhtml+xml,application/xml;q=0.9,image/webp,image/apng,*/*;q=0.8',
  'user-agent' => 'Mozilla/5.0 (Linux; U; Android 8.1.0; zh-CN; EML-AL00 Build/HUAWEIEML-AL00) AppleWebKit/537.36 (KHTML, like Gecko) Version/4.0 Chrome/57.0.2987.108 baidu.sogo.uc.UCBrowser/11.9.4.974 UWS/2.13.1.48 Mobile Safari/537.36 AliApp(DingTalk/4.5.11) com.alibaba.android.rimet/10487439 Channel/227200 language/zh-CN',
  'upgrade-insecure-requests' => '1',
  'cache-control' => 'no-cache',
  'pragma' => 'no-cache',
  'connection' => 'keep-alive',
  'host' => 'fast.xtzhjp.com',
  'content-type' => '',
  'content-length' => '',
)
[ info ] [ PARAM ] array (
)
[ info ] [ LANG ] /www/wwwroot/fast/www.fast.com/public/../application/index/lang/zh-cn.php
[ info ] [ BEHAVIOR ] Run app\common\behavior\Common @module_init [ RunTime:0.001074s ]
[ info ] [ RUN ] app\index\controller\Opay->index[ /www/wwwroot/fast/www.fast.com/application/index/controller/Opay.php ]
[ info ] [ LOG ] INIT File
[ error ] [2]include(/www/wwwroot/fast/www.fast.com/vendor/composer/../omnipay/common/src/Omnipay.php): failed to open stream: No such file or directory[/www/wwwroot/fast/www.fast.com/thinkphp/library/think/Loader.php:666]
---------------------------------------------------------------
[ 2020-07-22T20:51:28+08:00 ] 120.216.255.125 GET fast.xtzhjp.com/index/opay/index
[运行时间：0.028127s] [吞吐率：35.55req/s] [内存消耗：3,002.58kb] [文件加载：116]
[ info ] [ BEHAVIOR ] Run Closure @app_init [ RunTime:0.000122s ]
[ info ] [ CACHE ] INIT Redis
[ info ] [ BEHAVIOR ] Run \addons\epay\Epay @app_init [ RunTime:0.001806s ]
[ info ] [ BEHAVIOR ] Run Closure @app_init [ RunTime:0.001820s ]
[ info ] [ LANG ] /www/wwwroot/fast/www.fast.com/thinkphp/lang/zh-cn.php
[ info ] [ BEHAVIOR ] Run app\common\behavior\Common @app_dispatch [ RunTime:0.000174s ]
[ info ] [ ROUTE ] array (
  'type' => 'module',
  'module' => 
  array (
    0 => 'index',
    1 => 'opay',
    2 => 'index',
  ),
)
[ info ] [ HEADER ] array (
  'cookie' => 'thinkphp_show_page_trace=0|0; thinkphp_show_page_trace=0|0',
  'accept-language' => 'zh-CN,zh;q=0.9',
  'accept-encoding' => 'gzip, deflate',
  'accept' => 'text/html,application/xhtml+xml,application/xml;q=0.9,image/webp,image/apng,*/*;q=0.8,application/signed-exchange;v=b3;q=0.9',
  'user-agent' => 'Mozilla/5.0 (Windows NT 6.1; Win64; x64) AppleWebKit/537.36 (KHTML, like Gecko) Chrome/81.0.4044.138 Safari/537.36',
  'upgrade-insecure-requests' => '1',
  'cache-control' => 'max-age=0',
  'connection' => 'keep-alive',
  'host' => 'fast.xtzhjp.com',
  'content-type' => '',
  'content-length' => '',
)
[ info ] [ PARAM ] array (
)
[ info ] [ LANG ] /www/wwwroot/fast/www.fast.com/public/../application/index/lang/zh-cn.php
[ info ] [ BEHAVIOR ] Run app\common\behavior\Common @module_init [ RunTime:0.001054s ]
[ info ] [ RUN ] app\index\controller\Opay->index[ /www/wwwroot/fast/www.fast.com/application/index/controller/Opay.php ]
[ info ] [ LOG ] INIT File
[ error ] [0]Class '\Omnipay\WechatPay\AopF2FGateway' not found[/www/wwwroot/fast/www.fast.com/vendor/omnipay/common/src/Common/GatewayFactory.php:85]
---------------------------------------------------------------
[ 2020-07-22T20:51:30+08:00 ] 120.216.255.125 GET fast.xtzhjp.com/index/opay/index
[运行时间：0.029134s] [吞吐率：34.32req/s] [内存消耗：3,002.58kb] [文件加载：116]
[ info ] [ BEHAVIOR ] Run Closure @app_init [ RunTime:0.000119s ]
[ info ] [ CACHE ] INIT Redis
[ info ] [ BEHAVIOR ] Run \addons\epay\Epay @app_init [ RunTime:0.001856s ]
[ info ] [ BEHAVIOR ] Run Closure @app_init [ RunTime:0.001870s ]
[ info ] [ LANG ] /www/wwwroot/fast/www.fast.com/thinkphp/lang/zh-cn.php
[ info ] [ BEHAVIOR ] Run app\common\behavior\Common @app_dispatch [ RunTime:0.000174s ]
[ info ] [ ROUTE ] array (
  'type' => 'module',
  'module' => 
  array (
    0 => 'index',
    1 => 'opay',
    2 => 'index',
  ),
)
[ info ] [ HEADER ] array (
  'cookie' => 'thinkphp_show_page_trace=0|0; thinkphp_show_page_trace=0|0',
  'accept-language' => 'zh-CN,zh;q=0.9',
  'accept-encoding' => 'gzip, deflate',
  'accept' => 'text/html,application/xhtml+xml,application/xml;q=0.9,image/webp,image/apng,*/*;q=0.8,application/signed-exchange;v=b3;q=0.9',
  'user-agent' => 'Mozilla/5.0 (Windows NT 6.1; Win64; x64) AppleWebKit/537.36 (KHTML, like Gecko) Chrome/81.0.4044.138 Safari/537.36',
  'upgrade-insecure-requests' => '1',
  'cache-control' => 'max-age=0',
  'connection' => 'keep-alive',
  'host' => 'fast.xtzhjp.com',
  'content-type' => '',
  'content-length' => '',
)
[ info ] [ PARAM ] array (
)
[ info ] [ LANG ] /www/wwwroot/fast/www.fast.com/public/../application/index/lang/zh-cn.php
[ info ] [ BEHAVIOR ] Run app\common\behavior\Common @module_init [ RunTime:0.001102s ]
[ info ] [ RUN ] app\index\controller\Opay->index[ /www/wwwroot/fast/www.fast.com/application/index/controller/Opay.php ]
[ info ] [ LOG ] INIT File
[ error ] [0]Class '\Omnipay\WechatPay\AopF2FGateway' not found[/www/wwwroot/fast/www.fast.com/vendor/omnipay/common/src/Common/GatewayFactory.php:85]
---------------------------------------------------------------
[ 2020-07-22T20:51:31+08:00 ] 120.216.255.125 GET fast.xtzhjp.com/index/opay/index
[运行时间：0.028883s] [吞吐率：34.62req/s] [内存消耗：3,002.58kb] [文件加载：116]
[ info ] [ BEHAVIOR ] Run Closure @app_init [ RunTime:0.000119s ]
[ info ] [ CACHE ] INIT Redis
[ info ] [ BEHAVIOR ] Run \addons\epay\Epay @app_init [ RunTime:0.001856s ]
[ info ] [ BEHAVIOR ] Run Closure @app_init [ RunTime:0.001869s ]
[ info ] [ LANG ] /www/wwwroot/fast/www.fast.com/thinkphp/lang/zh-cn.php
[ info ] [ BEHAVIOR ] Run app\common\behavior\Common @app_dispatch [ RunTime:0.000201s ]
[ info ] [ ROUTE ] array (
  'type' => 'module',
  'module' => 
  array (
    0 => 'index',
    1 => 'opay',
    2 => 'index',
  ),
)
[ info ] [ HEADER ] array (
  'cookie' => 'thinkphp_show_page_trace=0|0; thinkphp_show_page_trace=0|0',
  'accept-language' => 'zh-CN,zh;q=0.9',
  'accept-encoding' => 'gzip, deflate',
  'accept' => 'text/html,application/xhtml+xml,application/xml;q=0.9,image/webp,image/apng,*/*;q=0.8,application/signed-exchange;v=b3;q=0.9',
  'user-agent' => 'Mozilla/5.0 (Windows NT 6.1; Win64; x64) AppleWebKit/537.36 (KHTML, like Gecko) Chrome/81.0.4044.138 Safari/537.36',
  'upgrade-insecure-requests' => '1',
  'cache-control' => 'max-age=0',
  'connection' => 'keep-alive',
  'host' => 'fast.xtzhjp.com',
  'content-type' => '',
  'content-length' => '',
)
[ info ] [ PARAM ] array (
)
[ info ] [ LANG ] /www/wwwroot/fast/www.fast.com/public/../application/index/lang/zh-cn.php
[ info ] [ BEHAVIOR ] Run app\common\behavior\Common @module_init [ RunTime:0.001105s ]
[ info ] [ RUN ] app\index\controller\Opay->index[ /www/wwwroot/fast/www.fast.com/application/index/controller/Opay.php ]
[ info ] [ LOG ] INIT File
[ error ] [0]Class '\Omnipay\WechatPay\AopF2FGateway' not found[/www/wwwroot/fast/www.fast.com/vendor/omnipay/common/src/Common/GatewayFactory.php:85]
---------------------------------------------------------------
[ 2020-07-22T20:51:32+08:00 ] 120.216.255.125 GET fast.xtzhjp.com/index/opay/index
[运行时间：0.028977s] [吞吐率：34.51req/s] [内存消耗：3,002.58kb] [文件加载：116]
[ info ] [ BEHAVIOR ] Run Closure @app_init [ RunTime:0.000131s ]
[ info ] [ CACHE ] INIT Redis
[ info ] [ BEHAVIOR ] Run \addons\epay\Epay @app_init [ RunTime:0.001903s ]
[ info ] [ BEHAVIOR ] Run Closure @app_init [ RunTime:0.001916s ]
[ info ] [ LANG ] /www/wwwroot/fast/www.fast.com/thinkphp/lang/zh-cn.php
[ info ] [ BEHAVIOR ] Run app\common\behavior\Common @app_dispatch [ RunTime:0.000182s ]
[ info ] [ ROUTE ] array (
  'type' => 'module',
  'module' => 
  array (
    0 => 'index',
    1 => 'opay',
    2 => 'index',
  ),
)
[ info ] [ HEADER ] array (
  'cookie' => 'thinkphp_show_page_trace=0|0; thinkphp_show_page_trace=0|0',
  'accept-language' => 'zh-CN,zh;q=0.9',
  'accept-encoding' => 'gzip, deflate',
  'accept' => 'text/html,application/xhtml+xml,application/xml;q=0.9,image/webp,image/apng,*/*;q=0.8,application/signed-exchange;v=b3;q=0.9',
  'user-agent' => 'Mozilla/5.0 (Windows NT 6.1; Win64; x64) AppleWebKit/537.36 (KHTML, like Gecko) Chrome/81.0.4044.138 Safari/537.36',
  'upgrade-insecure-requests' => '1',
  'cache-control' => 'max-age=0',
  'connection' => 'keep-alive',
  'host' => 'fast.xtzhjp.com',
  'content-type' => '',
  'content-length' => '',
)
[ info ] [ PARAM ] array (
)
[ info ] [ LANG ] /www/wwwroot/fast/www.fast.com/public/../application/index/lang/zh-cn.php
[ info ] [ BEHAVIOR ] Run app\common\behavior\Common @module_init [ RunTime:0.001076s ]
[ info ] [ RUN ] app\index\controller\Opay->index[ /www/wwwroot/fast/www.fast.com/application/index/controller/Opay.php ]
[ info ] [ LOG ] INIT File
[ error ] [0]Class '\Omnipay\WechatPay\AopF2FGateway' not found[/www/wwwroot/fast/www.fast.com/vendor/omnipay/common/src/Common/GatewayFactory.php:85]
---------------------------------------------------------------
[ 2020-07-22T20:51:33+08:00 ] 120.216.255.125 GET fast.xtzhjp.com/index/opay/index
[运行时间：0.029247s] [吞吐率：34.19req/s] [内存消耗：3,002.58kb] [文件加载：116]
[ info ] [ BEHAVIOR ] Run Closure @app_init [ RunTime:0.000119s ]
[ info ] [ CACHE ] INIT Redis
[ info ] [ BEHAVIOR ] Run \addons\epay\Epay @app_init [ RunTime:0.001860s ]
[ info ] [ BEHAVIOR ] Run Closure @app_init [ RunTime:0.001874s ]
[ info ] [ LANG ] /www/wwwroot/fast/www.fast.com/thinkphp/lang/zh-cn.php
[ info ] [ BEHAVIOR ] Run app\common\behavior\Common @app_dispatch [ RunTime:0.000199s ]
[ info ] [ ROUTE ] array (
  'type' => 'module',
  'module' => 
  array (
    0 => 'index',
    1 => 'opay',
    2 => 'index',
  ),
)
[ info ] [ HEADER ] array (
  'cookie' => 'thinkphp_show_page_trace=0|0; thinkphp_show_page_trace=0|0',
  'accept-language' => 'zh-CN,zh;q=0.9',
  'accept-encoding' => 'gzip, deflate',
  'accept' => 'text/html,application/xhtml+xml,application/xml;q=0.9,image/webp,image/apng,*/*;q=0.8,application/signed-exchange;v=b3;q=0.9',
  'user-agent' => 'Mozilla/5.0 (Windows NT 6.1; Win64; x64) AppleWebKit/537.36 (KHTML, like Gecko) Chrome/81.0.4044.138 Safari/537.36',
  'upgrade-insecure-requests' => '1',
  'cache-control' => 'max-age=0',
  'connection' => 'keep-alive',
  'host' => 'fast.xtzhjp.com',
  'content-type' => '',
  'content-length' => '',
)
[ info ] [ PARAM ] array (
)
[ info ] [ LANG ] /www/wwwroot/fast/www.fast.com/public/../application/index/lang/zh-cn.php
[ info ] [ BEHAVIOR ] Run app\common\behavior\Common @module_init [ RunTime:0.001085s ]
[ info ] [ RUN ] app\index\controller\Opay->index[ /www/wwwroot/fast/www.fast.com/application/index/controller/Opay.php ]
[ info ] [ LOG ] INIT File
[ error ] [0]Class '\Omnipay\WechatPay\AopF2FGateway' not found[/www/wwwroot/fast/www.fast.com/vendor/omnipay/common/src/Common/GatewayFactory.php:85]
---------------------------------------------------------------
[ 2020-07-22T20:51:34+08:00 ] 120.216.255.125 GET fast.xtzhjp.com/index/opay/index
[运行时间：0.027880s] [吞吐率：35.87req/s] [内存消耗：3,002.58kb] [文件加载：116]
[ info ] [ BEHAVIOR ] Run Closure @app_init [ RunTime:0.000125s ]
[ info ] [ CACHE ] INIT Redis
[ info ] [ BEHAVIOR ] Run \addons\epay\Epay @app_init [ RunTime:0.001771s ]
[ info ] [ BEHAVIOR ] Run Closure @app_init [ RunTime:0.001783s ]
[ info ] [ LANG ] /www/wwwroot/fast/www.fast.com/thinkphp/lang/zh-cn.php
[ info ] [ BEHAVIOR ] Run app\common\behavior\Common @app_dispatch [ RunTime:0.000154s ]
[ info ] [ ROUTE ] array (
  'type' => 'module',
  'module' => 
  array (
    0 => 'index',
    1 => 'opay',
    2 => 'index',
  ),
)
[ info ] [ HEADER ] array (
  'cookie' => 'thinkphp_show_page_trace=0|0; thinkphp_show_page_trace=0|0',
  'accept-language' => 'zh-CN,zh;q=0.9',
  'accept-encoding' => 'gzip, deflate',
  'accept' => 'text/html,application/xhtml+xml,application/xml;q=0.9,image/webp,image/apng,*/*;q=0.8,application/signed-exchange;v=b3;q=0.9',
  'user-agent' => 'Mozilla/5.0 (Windows NT 6.1; Win64; x64) AppleWebKit/537.36 (KHTML, like Gecko) Chrome/81.0.4044.138 Safari/537.36',
  'upgrade-insecure-requests' => '1',
  'cache-control' => 'max-age=0',
  'connection' => 'keep-alive',
  'host' => 'fast.xtzhjp.com',
  'content-type' => '',
  'content-length' => '',
)
[ info ] [ PARAM ] array (
)
[ info ] [ LANG ] /www/wwwroot/fast/www.fast.com/public/../application/index/lang/zh-cn.php
[ info ] [ BEHAVIOR ] Run app\common\behavior\Common @module_init [ RunTime:0.001060s ]
[ info ] [ RUN ] app\index\controller\Opay->index[ /www/wwwroot/fast/www.fast.com/application/index/controller/Opay.php ]
[ info ] [ LOG ] INIT File
[ error ] [0]Class '\Omnipay\WechatPay\AopF2FGateway' not found[/www/wwwroot/fast/www.fast.com/vendor/omnipay/common/src/Common/GatewayFactory.php:85]
---------------------------------------------------------------
[ 2020-07-22T20:59:06+08:00 ] 120.216.255.125 GET fast.xtzhjp.com/index/opay/index
[运行时间：0.028643s] [吞吐率：34.91req/s] [内存消耗：3,002.57kb] [文件加载：116]
[ info ] [ BEHAVIOR ] Run Closure @app_init [ RunTime:0.000119s ]
[ info ] [ CACHE ] INIT Redis
[ info ] [ BEHAVIOR ] Run \addons\epay\Epay @app_init [ RunTime:0.001818s ]
[ info ] [ BEHAVIOR ] Run Closure @app_init [ RunTime:0.001832s ]
[ info ] [ LANG ] /www/wwwroot/fast/www.fast.com/thinkphp/lang/zh-cn.php
[ info ] [ BEHAVIOR ] Run app\common\behavior\Common @app_dispatch [ RunTime:0.000197s ]
[ info ] [ ROUTE ] array (
  'type' => 'module',
  'module' => 
  array (
    0 => 'index',
    1 => 'opay',
    2 => 'index',
  ),
)
[ info ] [ HEADER ] array (
  'cookie' => 'thinkphp_show_page_trace=0|0; thinkphp_show_page_trace=0|0',
  'accept-language' => 'zh-CN,zh;q=0.9',
  'accept-encoding' => 'gzip, deflate',
  'accept' => 'text/html,application/xhtml+xml,application/xml;q=0.9,image/webp,image/apng,*/*;q=0.8,application/signed-exchange;v=b3;q=0.9',
  'user-agent' => 'Mozilla/5.0 (Windows NT 6.1; Win64; x64) AppleWebKit/537.36 (KHTML, like Gecko) Chrome/81.0.4044.138 Safari/537.36',
  'upgrade-insecure-requests' => '1',
  'cache-control' => 'max-age=0',
  'connection' => 'keep-alive',
  'host' => 'fast.xtzhjp.com',
  'content-type' => '',
  'content-length' => '',
)
[ info ] [ PARAM ] array (
)
[ info ] [ LANG ] /www/wwwroot/fast/www.fast.com/public/../application/index/lang/zh-cn.php
[ info ] [ BEHAVIOR ] Run app\common\behavior\Common @module_init [ RunTime:0.001064s ]
[ info ] [ RUN ] app\index\controller\Opay->index[ /www/wwwroot/fast/www.fast.com/application/index/controller/Opay.php ]
[ info ] [ LOG ] INIT File
[ error ] [0]Class '\Omnipay\Alipay\AopF2FGateway' not found[/www/wwwroot/fast/www.fast.com/vendor/omnipay/common/src/Common/GatewayFactory.php:85]
---------------------------------------------------------------
[ 2020-07-22T20:59:07+08:00 ] 120.216.255.125 GET fast.xtzhjp.com/index/opay/index
[运行时间：0.028350s] [吞吐率：35.27req/s] [内存消耗：3,002.57kb] [文件加载：116]
[ info ] [ BEHAVIOR ] Run Closure @app_init [ RunTime:0.000119s ]
[ info ] [ CACHE ] INIT Redis
[ info ] [ BEHAVIOR ] Run \addons\epay\Epay @app_init [ RunTime:0.001888s ]
[ info ] [ BEHAVIOR ] Run Closure @app_init [ RunTime:0.001900s ]
[ info ] [ LANG ] /www/wwwroot/fast/www.fast.com/thinkphp/lang/zh-cn.php
[ info ] [ BEHAVIOR ] Run app\common\behavior\Common @app_dispatch [ RunTime:0.000155s ]
[ info ] [ ROUTE ] array (
  'type' => 'module',
  'module' => 
  array (
    0 => 'index',
    1 => 'opay',
    2 => 'index',
  ),
)
[ info ] [ HEADER ] array (
  'cookie' => 'thinkphp_show_page_trace=0|0; thinkphp_show_page_trace=0|0',
  'accept-language' => 'zh-CN,zh;q=0.9',
  'accept-encoding' => 'gzip, deflate',
  'accept' => 'text/html,application/xhtml+xml,application/xml;q=0.9,image/webp,image/apng,*/*;q=0.8,application/signed-exchange;v=b3;q=0.9',
  'user-agent' => 'Mozilla/5.0 (Windows NT 6.1; Win64; x64) AppleWebKit/537.36 (KHTML, like Gecko) Chrome/81.0.4044.138 Safari/537.36',
  'upgrade-insecure-requests' => '1',
  'cache-control' => 'max-age=0',
  'connection' => 'keep-alive',
  'host' => 'fast.xtzhjp.com',
  'content-type' => '',
  'content-length' => '',
)
[ info ] [ PARAM ] array (
)
[ info ] [ LANG ] /www/wwwroot/fast/www.fast.com/public/../application/index/lang/zh-cn.php
[ info ] [ BEHAVIOR ] Run app\common\behavior\Common @module_init [ RunTime:0.001091s ]
[ info ] [ RUN ] app\index\controller\Opay->index[ /www/wwwroot/fast/www.fast.com/application/index/controller/Opay.php ]
[ info ] [ LOG ] INIT File
[ error ] [0]Class '\Omnipay\Alipay\AopF2FGateway' not found[/www/wwwroot/fast/www.fast.com/vendor/omnipay/common/src/Common/GatewayFactory.php:85]
---------------------------------------------------------------
[ 2020-07-22T20:59:08+08:00 ] 120.216.255.125 GET fast.xtzhjp.com/index/opay/index
[运行时间：0.028801s] [吞吐率：34.72req/s] [内存消耗：3,002.57kb] [文件加载：116]
[ info ] [ BEHAVIOR ] Run Closure @app_init [ RunTime:0.000118s ]
[ info ] [ CACHE ] INIT Redis
[ info ] [ BEHAVIOR ] Run \addons\epay\Epay @app_init [ RunTime:0.001843s ]
[ info ] [ BEHAVIOR ] Run Closure @app_init [ RunTime:0.001857s ]
[ info ] [ LANG ] /www/wwwroot/fast/www.fast.com/thinkphp/lang/zh-cn.php
[ info ] [ BEHAVIOR ] Run app\common\behavior\Common @app_dispatch [ RunTime:0.000160s ]
[ info ] [ ROUTE ] array (
  'type' => 'module',
  'module' => 
  array (
    0 => 'index',
    1 => 'opay',
    2 => 'index',
  ),
)
[ info ] [ HEADER ] array (
  'cookie' => 'thinkphp_show_page_trace=0|0; thinkphp_show_page_trace=0|0',
  'accept-language' => 'zh-CN,zh;q=0.9',
  'accept-encoding' => 'gzip, deflate',
  'accept' => 'text/html,application/xhtml+xml,application/xml;q=0.9,image/webp,image/apng,*/*;q=0.8,application/signed-exchange;v=b3;q=0.9',
  'user-agent' => 'Mozilla/5.0 (Windows NT 6.1; Win64; x64) AppleWebKit/537.36 (KHTML, like Gecko) Chrome/81.0.4044.138 Safari/537.36',
  'upgrade-insecure-requests' => '1',
  'cache-control' => 'max-age=0',
  'connection' => 'keep-alive',
  'host' => 'fast.xtzhjp.com',
  'content-type' => '',
  'content-length' => '',
)
[ info ] [ PARAM ] array (
)
[ info ] [ LANG ] /www/wwwroot/fast/www.fast.com/public/../application/index/lang/zh-cn.php
[ info ] [ BEHAVIOR ] Run app\common\behavior\Common @module_init [ RunTime:0.001168s ]
[ info ] [ RUN ] app\index\controller\Opay->index[ /www/wwwroot/fast/www.fast.com/application/index/controller/Opay.php ]
[ info ] [ LOG ] INIT File
[ error ] [0]Class '\Omnipay\Alipay\AopF2FGateway' not found[/www/wwwroot/fast/www.fast.com/vendor/omnipay/common/src/Common/GatewayFactory.php:85]
---------------------------------------------------------------
[ 2020-07-22T20:59:09+08:00 ] 120.216.255.125 GET fast.xtzhjp.com/index/opay/index
[运行时间：0.028755s] [吞吐率：34.78req/s] [内存消耗：3,002.57kb] [文件加载：116]
[ info ] [ BEHAVIOR ] Run Closure @app_init [ RunTime:0.000121s ]
[ info ] [ CACHE ] INIT Redis
[ info ] [ BEHAVIOR ] Run \addons\epay\Epay @app_init [ RunTime:0.001877s ]
[ info ] [ BEHAVIOR ] Run Closure @app_init [ RunTime:0.001891s ]
[ info ] [ LANG ] /www/wwwroot/fast/www.fast.com/thinkphp/lang/zh-cn.php
[ info ] [ BEHAVIOR ] Run app\common\behavior\Common @app_dispatch [ RunTime:0.000204s ]
[ info ] [ ROUTE ] array (
  'type' => 'module',
  'module' => 
  array (
    0 => 'index',
    1 => 'opay',
    2 => 'index',
  ),
)
[ info ] [ HEADER ] array (
  'cookie' => 'thinkphp_show_page_trace=0|0; thinkphp_show_page_trace=0|0',
  'accept-language' => 'zh-CN,zh;q=0.9',
  'accept-encoding' => 'gzip, deflate',
  'accept' => 'text/html,application/xhtml+xml,application/xml;q=0.9,image/webp,image/apng,*/*;q=0.8,application/signed-exchange;v=b3;q=0.9',
  'user-agent' => 'Mozilla/5.0 (Windows NT 6.1; Win64; x64) AppleWebKit/537.36 (KHTML, like Gecko) Chrome/81.0.4044.138 Safari/537.36',
  'upgrade-insecure-requests' => '1',
  'cache-control' => 'max-age=0',
  'connection' => 'keep-alive',
  'host' => 'fast.xtzhjp.com',
  'content-type' => '',
  'content-length' => '',
)
[ info ] [ PARAM ] array (
)
[ info ] [ LANG ] /www/wwwroot/fast/www.fast.com/public/../application/index/lang/zh-cn.php
[ info ] [ BEHAVIOR ] Run app\common\behavior\Common @module_init [ RunTime:0.001107s ]
[ info ] [ RUN ] app\index\controller\Opay->index[ /www/wwwroot/fast/www.fast.com/application/index/controller/Opay.php ]
[ info ] [ LOG ] INIT File
[ error ] [0]Class '\Omnipay\Alipay\AopF2FGateway' not found[/www/wwwroot/fast/www.fast.com/vendor/omnipay/common/src/Common/GatewayFactory.php:85]
---------------------------------------------------------------
[ 2020-07-22T20:59:10+08:00 ] 120.216.255.125 GET fast.xtzhjp.com/index/opay/index
[运行时间：0.028204s] [吞吐率：35.46req/s] [内存消耗：3,002.57kb] [文件加载：116]
[ info ] [ BEHAVIOR ] Run Closure @app_init [ RunTime:0.000129s ]
[ info ] [ CACHE ] INIT Redis
[ info ] [ BEHAVIOR ] Run \addons\epay\Epay @app_init [ RunTime:0.001843s ]
[ info ] [ BEHAVIOR ] Run Closure @app_init [ RunTime:0.001856s ]
[ info ] [ LANG ] /www/wwwroot/fast/www.fast.com/thinkphp/lang/zh-cn.php
[ info ] [ BEHAVIOR ] Run app\common\behavior\Common @app_dispatch [ RunTime:0.000164s ]
[ info ] [ ROUTE ] array (
  'type' => 'module',
  'module' => 
  array (
    0 => 'index',
    1 => 'opay',
    2 => 'index',
  ),
)
[ info ] [ HEADER ] array (
  'cookie' => 'thinkphp_show_page_trace=0|0; thinkphp_show_page_trace=0|0',
  'accept-language' => 'zh-CN,zh;q=0.9',
  'accept-encoding' => 'gzip, deflate',
  'accept' => 'text/html,application/xhtml+xml,application/xml;q=0.9,image/webp,image/apng,*/*;q=0.8,application/signed-exchange;v=b3;q=0.9',
  'user-agent' => 'Mozilla/5.0 (Windows NT 6.1; Win64; x64) AppleWebKit/537.36 (KHTML, like Gecko) Chrome/81.0.4044.138 Safari/537.36',
  'upgrade-insecure-requests' => '1',
  'cache-control' => 'max-age=0',
  'connection' => 'keep-alive',
  'host' => 'fast.xtzhjp.com',
  'content-type' => '',
  'content-length' => '',
)
[ info ] [ PARAM ] array (
)
[ info ] [ LANG ] /www/wwwroot/fast/www.fast.com/public/../application/index/lang/zh-cn.php
[ info ] [ BEHAVIOR ] Run app\common\behavior\Common @module_init [ RunTime:0.001085s ]
[ info ] [ RUN ] app\index\controller\Opay->index[ /www/wwwroot/fast/www.fast.com/application/index/controller/Opay.php ]
[ info ] [ LOG ] INIT File
[ error ] [0]Class '\Omnipay\Alipay\AopF2FGateway' not found[/www/wwwroot/fast/www.fast.com/vendor/omnipay/common/src/Common/GatewayFactory.php:85]
---------------------------------------------------------------
[ 2020-07-22T20:59:11+08:00 ] 120.216.255.125 GET fast.xtzhjp.com/index/opay/index
[运行时间：0.035425s] [吞吐率：28.23req/s] [内存消耗：3,002.57kb] [文件加载：116]
[ info ] [ BEHAVIOR ] Run Closure @app_init [ RunTime:0.000139s ]
[ info ] [ CACHE ] INIT Redis
[ info ] [ BEHAVIOR ] Run \addons\epay\Epay @app_init [ RunTime:0.002568s ]
[ info ] [ BEHAVIOR ] Run Closure @app_init [ RunTime:0.002584s ]
[ info ] [ LANG ] /www/wwwroot/fast/www.fast.com/thinkphp/lang/zh-cn.php
[ info ] [ BEHAVIOR ] Run app\common\behavior\Common @app_dispatch [ RunTime:0.000210s ]
[ info ] [ ROUTE ] array (
  'type' => 'module',
  'module' => 
  array (
    0 => 'index',
    1 => 'opay',
    2 => 'index',
  ),
)
[ info ] [ HEADER ] array (
  'cookie' => 'thinkphp_show_page_trace=0|0; thinkphp_show_page_trace=0|0',
  'accept-language' => 'zh-CN,zh;q=0.9',
  'accept-encoding' => 'gzip, deflate',
  'accept' => 'text/html,application/xhtml+xml,application/xml;q=0.9,image/webp,image/apng,*/*;q=0.8,application/signed-exchange;v=b3;q=0.9',
  'user-agent' => 'Mozilla/5.0 (Windows NT 6.1; Win64; x64) AppleWebKit/537.36 (KHTML, like Gecko) Chrome/81.0.4044.138 Safari/537.36',
  'upgrade-insecure-requests' => '1',
  'cache-control' => 'max-age=0',
  'connection' => 'keep-alive',
  'host' => 'fast.xtzhjp.com',
  'content-type' => '',
  'content-length' => '',
)
[ info ] [ PARAM ] array (
)
[ info ] [ LANG ] /www/wwwroot/fast/www.fast.com/public/../application/index/lang/zh-cn.php
[ info ] [ BEHAVIOR ] Run app\common\behavior\Common @module_init [ RunTime:0.001075s ]
[ info ] [ RUN ] app\index\controller\Opay->index[ /www/wwwroot/fast/www.fast.com/application/index/controller/Opay.php ]
[ info ] [ LOG ] INIT File
[ error ] [0]Class '\Omnipay\Alipay\AopF2FGateway' not found[/www/wwwroot/fast/www.fast.com/vendor/omnipay/common/src/Common/GatewayFactory.php:85]
---------------------------------------------------------------
[ 2020-07-22T21:00:18+08:00 ] 120.216.255.125 GET fast.xtzhjp.com/index/opay/index
[运行时间：0.037301s] [吞吐率：26.81req/s] [内存消耗：4,019.63kb] [文件加载：161]
[ info ] [ BEHAVIOR ] Run Closure @app_init [ RunTime:0.000121s ]
[ info ] [ CACHE ] INIT Redis
[ info ] [ BEHAVIOR ] Run \addons\epay\Epay @app_init [ RunTime:0.001912s ]
[ info ] [ BEHAVIOR ] Run Closure @app_init [ RunTime:0.001927s ]
[ info ] [ LANG ] /www/wwwroot/fast/www.fast.com/thinkphp/lang/zh-cn.php
[ info ] [ BEHAVIOR ] Run app\common\behavior\Common @app_dispatch [ RunTime:0.000176s ]
[ info ] [ ROUTE ] array (
  'type' => 'module',
  'module' => 
  array (
    0 => 'index',
    1 => 'opay',
    2 => 'index',
  ),
)
[ info ] [ HEADER ] array (
  'cookie' => 'thinkphp_show_page_trace=0|0; thinkphp_show_page_trace=0|0',
  'accept-language' => 'zh-CN,zh;q=0.9',
  'accept-encoding' => 'gzip, deflate',
  'accept' => 'text/html,application/xhtml+xml,application/xml;q=0.9,image/webp,image/apng,*/*;q=0.8,application/signed-exchange;v=b3;q=0.9',
  'user-agent' => 'Mozilla/5.0 (Windows NT 6.1; Win64; x64) AppleWebKit/537.36 (KHTML, like Gecko) Chrome/81.0.4044.138 Safari/537.36',
  'upgrade-insecure-requests' => '1',
  'cache-control' => 'max-age=0',
  'connection' => 'keep-alive',
  'host' => 'fast.xtzhjp.com',
  'content-type' => '',
  'content-length' => '',
)
[ info ] [ PARAM ] array (
)
[ info ] [ LANG ] /www/wwwroot/fast/www.fast.com/public/../application/index/lang/zh-cn.php
[ info ] [ BEHAVIOR ] Run app\common\behavior\Common @module_init [ RunTime:0.001113s ]
[ info ] [ RUN ] app\index\controller\Opay->index[ /www/wwwroot/fast/www.fast.com/application/index/controller/Opay.php ]
[ info ] [ LOG ] INIT File
[ error ] [8]Array to string conversion[/www/wwwroot/fast/www.fast.com/application/index/controller/Opay.php:23]
---------------------------------------------------------------
[ 2020-07-22T21:00:21+08:00 ] 120.216.255.125 GET fast.xtzhjp.com/index/opay/index
[运行时间：0.037739s] [吞吐率：26.50req/s] [内存消耗：4,019.63kb] [文件加载：161]
[ info ] [ BEHAVIOR ] Run Closure @app_init [ RunTime:0.000119s ]
[ info ] [ CACHE ] INIT Redis
[ info ] [ BEHAVIOR ] Run \addons\epay\Epay @app_init [ RunTime:0.001901s ]
[ info ] [ BEHAVIOR ] Run Closure @app_init [ RunTime:0.001917s ]
[ info ] [ LANG ] /www/wwwroot/fast/www.fast.com/thinkphp/lang/zh-cn.php
[ info ] [ BEHAVIOR ] Run app\common\behavior\Common @app_dispatch [ RunTime:0.000192s ]
[ info ] [ ROUTE ] array (
  'type' => 'module',
  'module' => 
  array (
    0 => 'index',
    1 => 'opay',
    2 => 'index',
  ),
)
[ info ] [ HEADER ] array (
  'cookie' => 'thinkphp_show_page_trace=0|0; thinkphp_show_page_trace=0|0',
  'accept-language' => 'zh-CN,zh;q=0.9',
  'accept-encoding' => 'gzip, deflate',
  'accept' => 'text/html,application/xhtml+xml,application/xml;q=0.9,image/webp,image/apng,*/*;q=0.8,application/signed-exchange;v=b3;q=0.9',
  'user-agent' => 'Mozilla/5.0 (Windows NT 6.1; Win64; x64) AppleWebKit/537.36 (KHTML, like Gecko) Chrome/81.0.4044.138 Safari/537.36',
  'upgrade-insecure-requests' => '1',
  'cache-control' => 'max-age=0',
  'connection' => 'keep-alive',
  'host' => 'fast.xtzhjp.com',
  'content-type' => '',
  'content-length' => '',
)
[ info ] [ PARAM ] array (
)
[ info ] [ LANG ] /www/wwwroot/fast/www.fast.com/public/../application/index/lang/zh-cn.php
[ info ] [ BEHAVIOR ] Run app\common\behavior\Common @module_init [ RunTime:0.001098s ]
[ info ] [ RUN ] app\index\controller\Opay->index[ /www/wwwroot/fast/www.fast.com/application/index/controller/Opay.php ]
[ info ] [ LOG ] INIT File
[ error ] [8]Array to string conversion[/www/wwwroot/fast/www.fast.com/application/index/controller/Opay.php:23]
---------------------------------------------------------------
[ 2020-07-22T21:00:22+08:00 ] 120.216.255.125 GET fast.xtzhjp.com/index/opay/index
[运行时间：0.037802s] [吞吐率：26.45req/s] [内存消耗：4,019.63kb] [文件加载：161]
[ info ] [ BEHAVIOR ] Run Closure @app_init [ RunTime:0.000120s ]
[ info ] [ CACHE ] INIT Redis
[ info ] [ BEHAVIOR ] Run \addons\epay\Epay @app_init [ RunTime:0.001900s ]
[ info ] [ BEHAVIOR ] Run Closure @app_init [ RunTime:0.001913s ]
[ info ] [ LANG ] /www/wwwroot/fast/www.fast.com/thinkphp/lang/zh-cn.php
[ info ] [ BEHAVIOR ] Run app\common\behavior\Common @app_dispatch [ RunTime:0.000177s ]
[ info ] [ ROUTE ] array (
  'type' => 'module',
  'module' => 
  array (
    0 => 'index',
    1 => 'opay',
    2 => 'index',
  ),
)
[ info ] [ HEADER ] array (
  'cookie' => 'thinkphp_show_page_trace=0|0; thinkphp_show_page_trace=0|0',
  'accept-language' => 'zh-CN,zh;q=0.9',
  'accept-encoding' => 'gzip, deflate',
  'accept' => 'text/html,application/xhtml+xml,application/xml;q=0.9,image/webp,image/apng,*/*;q=0.8,application/signed-exchange;v=b3;q=0.9',
  'user-agent' => 'Mozilla/5.0 (Windows NT 6.1; Win64; x64) AppleWebKit/537.36 (KHTML, like Gecko) Chrome/81.0.4044.138 Safari/537.36',
  'upgrade-insecure-requests' => '1',
  'cache-control' => 'max-age=0',
  'connection' => 'keep-alive',
  'host' => 'fast.xtzhjp.com',
  'content-type' => '',
  'content-length' => '',
)
[ info ] [ PARAM ] array (
)
[ info ] [ LANG ] /www/wwwroot/fast/www.fast.com/public/../application/index/lang/zh-cn.php
[ info ] [ BEHAVIOR ] Run app\common\behavior\Common @module_init [ RunTime:0.001115s ]
[ info ] [ RUN ] app\index\controller\Opay->index[ /www/wwwroot/fast/www.fast.com/application/index/controller/Opay.php ]
[ info ] [ LOG ] INIT File
[ error ] [8]Array to string conversion[/www/wwwroot/fast/www.fast.com/application/index/controller/Opay.php:23]
---------------------------------------------------------------
[ 2020-07-22T21:01:59+08:00 ] 120.216.255.125 GET fast.xtzhjp.com/index/opay/index
[运行时间：0.443979s] [吞吐率：2.25req/s] [内存消耗：4,581.96kb] [文件加载：189]
[ info ] [ BEHAVIOR ] Run Closure @app_init [ RunTime:0.000120s ]
[ info ] [ CACHE ] INIT Redis
[ info ] [ BEHAVIOR ] Run \addons\epay\Epay @app_init [ RunTime:0.001873s ]
[ info ] [ BEHAVIOR ] Run Closure @app_init [ RunTime:0.001888s ]
[ info ] [ LANG ] /www/wwwroot/fast/www.fast.com/thinkphp/lang/zh-cn.php
[ info ] [ BEHAVIOR ] Run app\common\behavior\Common @app_dispatch [ RunTime:0.000153s ]
[ info ] [ ROUTE ] array (
  'type' => 'module',
  'module' => 
  array (
    0 => 'index',
    1 => 'opay',
    2 => 'index',
  ),
)
[ info ] [ HEADER ] array (
  'cookie' => 'thinkphp_show_page_trace=0|0; thinkphp_show_page_trace=0|0',
  'accept-language' => 'zh-CN,zh;q=0.9',
  'accept-encoding' => 'gzip, deflate',
  'accept' => 'text/html,application/xhtml+xml,application/xml;q=0.9,image/webp,image/apng,*/*;q=0.8,application/signed-exchange;v=b3;q=0.9',
  'user-agent' => 'Mozilla/5.0 (Windows NT 6.1; Win64; x64) AppleWebKit/537.36 (KHTML, like Gecko) Chrome/81.0.4044.138 Safari/537.36',
  'upgrade-insecure-requests' => '1',
  'cache-control' => 'max-age=0',
  'connection' => 'keep-alive',
  'host' => 'fast.xtzhjp.com',
  'content-type' => '',
  'content-length' => '',
)
[ info ] [ PARAM ] array (
)
[ info ] [ LANG ] /www/wwwroot/fast/www.fast.com/public/../application/index/lang/zh-cn.php
[ info ] [ BEHAVIOR ] Run app\common\behavior\Common @module_init [ RunTime:0.001062s ]
[ info ] [ RUN ] app\index\controller\Opay->index[ /www/wwwroot/fast/www.fast.com/application/index/controller/Opay.php ]
[ info ] [ LOG ] INIT File
[ error ] [8]未定义变量: resQrcode[/www/wwwroot/fast/www.fast.com/application/index/controller/Opay.php:46]
---------------------------------------------------------------
[ 2020-07-22T21:02:20+08:00 ] 120.216.255.125 GET fast.xtzhjp.com/index/opay/index
[运行时间：0.463774s] [吞吐率：2.16req/s] [内存消耗：4,577.34kb] [文件加载：188]
[ info ] [ BEHAVIOR ] Run Closure @app_init [ RunTime:0.000120s ]
[ info ] [ CACHE ] INIT Redis
[ info ] [ BEHAVIOR ] Run \addons\epay\Epay @app_init [ RunTime:0.001820s ]
[ info ] [ BEHAVIOR ] Run Closure @app_init [ RunTime:0.001834s ]
[ info ] [ LANG ] /www/wwwroot/fast/www.fast.com/thinkphp/lang/zh-cn.php
[ info ] [ BEHAVIOR ] Run app\common\behavior\Common @app_dispatch [ RunTime:0.000156s ]
[ info ] [ ROUTE ] array (
  'type' => 'module',
  'module' => 
  array (
    0 => 'index',
    1 => 'opay',
    2 => 'index',
  ),
)
[ info ] [ HEADER ] array (
  'cookie' => 'thinkphp_show_page_trace=0|0; thinkphp_show_page_trace=0|0',
  'accept-language' => 'zh-CN,zh;q=0.9',
  'accept-encoding' => 'gzip, deflate',
  'accept' => 'text/html,application/xhtml+xml,application/xml;q=0.9,image/webp,image/apng,*/*;q=0.8,application/signed-exchange;v=b3;q=0.9',
  'user-agent' => 'Mozilla/5.0 (Windows NT 6.1; Win64; x64) AppleWebKit/537.36 (KHTML, like Gecko) Chrome/81.0.4044.138 Safari/537.36',
  'upgrade-insecure-requests' => '1',
  'cache-control' => 'max-age=0',
  'connection' => 'keep-alive',
  'host' => 'fast.xtzhjp.com',
  'content-type' => '',
  'content-length' => '',
)
[ info ] [ PARAM ] array (
)
[ info ] [ LANG ] /www/wwwroot/fast/www.fast.com/public/../application/index/lang/zh-cn.php
[ info ] [ BEHAVIOR ] Run app\common\behavior\Common @module_init [ RunTime:0.001080s ]
[ info ] [ RUN ] app\index\controller\Opay->index[ /www/wwwroot/fast/www.fast.com/application/index/controller/Opay.php ]
[ info ] [ LOG ] INIT File
[ error ] [0]模板文件不存在:/www/wwwroot/fast/www.fast.com/public/../application/index/view/opay/index.html[/www/wwwroot/fast/www.fast.com/thinkphp/library/think/view/driver/Think.php:82]
---------------------------------------------------------------
[ 2020-07-22T21:04:05+08:00 ] 120.216.255.125 GET fast.xtzhjp.com/index/opay/qrcodepay
[运行时间：0.386588s] [吞吐率：2.59req/s] [内存消耗：4,706.02kb] [文件加载：189]
[ info ] [ BEHAVIOR ] Run Closure @app_init [ RunTime:0.000119s ]
[ info ] [ CACHE ] INIT Redis
[ info ] [ BEHAVIOR ] Run \addons\epay\Epay @app_init [ RunTime:0.001899s ]
[ info ] [ BEHAVIOR ] Run Closure @app_init [ RunTime:0.001912s ]
[ info ] [ LANG ] /www/wwwroot/fast/www.fast.com/thinkphp/lang/zh-cn.php
[ info ] [ BEHAVIOR ] Run app\common\behavior\Common @app_dispatch [ RunTime:0.000199s ]
[ info ] [ ROUTE ] array (
  'type' => 'module',
  'module' => 
  array (
    0 => 'index',
    1 => 'opay',
    2 => 'qrcodepay',
  ),
)
[ info ] [ HEADER ] array (
  'cookie' => 'thinkphp_show_page_trace=0|0; thinkphp_show_page_trace=0|0',
  'accept-language' => 'zh-CN,zh;q=0.9',
  'accept-encoding' => 'gzip, deflate',
  'accept' => 'text/html,application/xhtml+xml,application/xml;q=0.9,image/webp,image/apng,*/*;q=0.8,application/signed-exchange;v=b3;q=0.9',
  'user-agent' => 'Mozilla/5.0 (Windows NT 6.1; Win64; x64) AppleWebKit/537.36 (KHTML, like Gecko) Chrome/81.0.4044.138 Safari/537.36',
  'upgrade-insecure-requests' => '1',
  'connection' => 'keep-alive',
  'host' => 'fast.xtzhjp.com',
  'content-type' => '',
  'content-length' => '',
)
[ info ] [ PARAM ] array (
)
[ info ] [ LANG ] /www/wwwroot/fast/www.fast.com/public/../application/index/lang/zh-cn.php
[ info ] [ BEHAVIOR ] Run app\common\behavior\Common @module_init [ RunTime:0.001112s ]
[ info ] [ RUN ] app\index\controller\Opay->qrcodePay[ /www/wwwroot/fast/www.fast.com/application/index/controller/Opay.php ]
[ info ] [ VIEW ] /www/wwwroot/fast/www.fast.com/public/../application/index/view/opay/qrcode_pay.html [ array (
  0 => 'code',
) ]
[ info ] [ LOG ] INIT File
---------------------------------------------------------------
[ 2020-07-22T21:04:12+08:00 ] 42.236.10.114 GET fast.xtzhjp.com/index/opay/qrcodepay
[运行时间：0.333553s] [吞吐率：3.00req/s] [内存消耗：4,570.46kb] [文件加载：187]
[ info ] [ BEHAVIOR ] Run Closure @app_init [ RunTime:0.000115s ]
[ info ] [ CACHE ] INIT Redis
[ info ] [ BEHAVIOR ] Run \addons\epay\Epay @app_init [ RunTime:0.001789s ]
[ info ] [ BEHAVIOR ] Run Closure @app_init [ RunTime:0.001801s ]
[ info ] [ LANG ] /www/wwwroot/fast/www.fast.com/thinkphp/lang/zh-cn.php
[ info ] [ BEHAVIOR ] Run app\common\behavior\Common @app_dispatch [ RunTime:0.000165s ]
[ info ] [ ROUTE ] array (
  'type' => 'module',
  'module' => 
  array (
    0 => 'index',
    1 => 'opay',
    2 => 'qrcodepay',
  ),
)
[ info ] [ HEADER ] array (
  'accept-encoding' => 'gzip, deflate',
  'accept' => 'text/html,application/xhtml+xml,application/xml;q=0.9,image/webp,image/apng,*/*;q=0.8',
  'upgrade-insecure-requests' => '1',
  'user-agent' => 'Mozilla/5.0 (Linux; U; Android 8.1.0; zh-CN; EML-AL00 Build/HUAWEIEML-AL00) AppleWebKit/537.36 (KHTML, like Gecko) Version/4.0 Chrome/57.0.2987.108 baidu.sogo.uc.UCBrowser/11.9.4.974 UWS/2.13.1.48 Mobile Safari/537.36 AliApp(DingTalk/4.5.11) com.alibaba.android.rimet/10487439 Channel/227200 language/zh-CN',
  'connection' => 'keep-alive',
  'host' => 'fast.xtzhjp.com',
  'content-type' => '',
  'content-length' => '',
)
[ info ] [ PARAM ] array (
)
[ info ] [ LANG ] /www/wwwroot/fast/www.fast.com/public/../application/index/lang/zh-cn.php
[ info ] [ BEHAVIOR ] Run app\common\behavior\Common @module_init [ RunTime:0.001082s ]
[ info ] [ RUN ] app\index\controller\Opay->qrcodePay[ /www/wwwroot/fast/www.fast.com/application/index/controller/Opay.php ]
[ info ] [ VIEW ] /www/wwwroot/fast/www.fast.com/public/../application/index/view/opay/qrcode_pay.html [ array (
  0 => 'code',
) ]
[ info ] [ LOG ] INIT File
---------------------------------------------------------------
[ 2020-07-22T21:04:15+08:00 ] 42.236.10.117 GET fast.xtzhjp.com/index/opay/qrcodepay
[运行时间：0.436964s] [吞吐率：2.29req/s] [内存消耗：4,576.17kb] [文件加载：187]
[ info ] [ BEHAVIOR ] Run Closure @app_init [ RunTime:0.000120s ]
[ info ] [ CACHE ] INIT Redis
[ info ] [ BEHAVIOR ] Run \addons\epay\Epay @app_init [ RunTime:0.001858s ]
[ info ] [ BEHAVIOR ] Run Closure @app_init [ RunTime:0.001872s ]
[ info ] [ LANG ] /www/wwwroot/fast/www.fast.com/thinkphp/lang/zh-cn.php
[ info ] [ BEHAVIOR ] Run app\common\behavior\Common @app_dispatch [ RunTime:0.000171s ]
[ info ] [ ROUTE ] array (
  'type' => 'module',
  'module' => 
  array (
    0 => 'index',
    1 => 'opay',
    2 => 'qrcodepay',
  ),
)
[ info ] [ HEADER ] array (
  'accept-encoding' => 'gzip, deflate',
  'referer' => 'http://baidu.com/',
  'accept' => 'text/html,application/xhtml+xml,application/xml;q=0.9,image/webp,image/apng,*/*;q=0.8',
  'user-agent' => 'Mozilla/5.0 (Linux; U; Android 8.1.0; zh-CN; EML-AL00 Build/HUAWEIEML-AL00) AppleWebKit/537.36 (KHTML, like Gecko) Version/4.0 Chrome/57.0.2987.108 baidu.sogo.uc.UCBrowser/11.9.4.974 UWS/2.13.1.48 Mobile Safari/537.36 AliApp(DingTalk/4.5.11) com.alibaba.android.rimet/10487439 Channel/227200 language/zh-CN',
  'upgrade-insecure-requests' => '1',
  'cache-control' => 'no-cache',
  'pragma' => 'no-cache',
  'connection' => 'keep-alive',
  'host' => 'fast.xtzhjp.com',
  'content-type' => '',
  'content-length' => '',
)
[ info ] [ PARAM ] array (
)
[ info ] [ LANG ] /www/wwwroot/fast/www.fast.com/public/../application/index/lang/zh-cn.php
[ info ] [ BEHAVIOR ] Run app\common\behavior\Common @module_init [ RunTime:0.001090s ]
[ info ] [ RUN ] app\index\controller\Opay->qrcodePay[ /www/wwwroot/fast/www.fast.com/application/index/controller/Opay.php ]
[ info ] [ VIEW ] /www/wwwroot/fast/www.fast.com/public/../application/index/view/opay/qrcode_pay.html [ array (
  0 => 'code',
) ]
[ info ] [ LOG ] INIT File
---------------------------------------------------------------
[ 2020-07-22T21:05:27+08:00 ] 120.216.255.125 GET fast.xtzhjp.com/index/opay/qrcodepay
[运行时间：0.362271s] [吞吐率：2.76req/s] [内存消耗：4,489.40kb] [文件加载：189]
[ info ] [ BEHAVIOR ] Run Closure @app_init [ RunTime:0.000122s ]
[ info ] [ CACHE ] INIT Redis
[ info ] [ BEHAVIOR ] Run \addons\epay\Epay @app_init [ RunTime:0.001968s ]
[ info ] [ BEHAVIOR ] Run Closure @app_init [ RunTime:0.001983s ]
[ info ] [ LANG ] /www/wwwroot/fast/www.fast.com/thinkphp/lang/zh-cn.php
[ info ] [ BEHAVIOR ] Run app\common\behavior\Common @app_dispatch [ RunTime:0.000163s ]
[ info ] [ ROUTE ] array (
  'type' => 'module',
  'module' => 
  array (
    0 => 'index',
    1 => 'opay',
    2 => 'qrcodepay',
  ),
)
[ info ] [ HEADER ] array (
  'cookie' => 'thinkphp_show_page_trace=0|0; thinkphp_show_page_trace=0|0',
  'accept-language' => 'zh-CN,zh;q=0.9',
  'accept-encoding' => 'gzip, deflate',
  'accept' => 'text/html,application/xhtml+xml,application/xml;q=0.9,image/webp,image/apng,*/*;q=0.8,application/signed-exchange;v=b3;q=0.9',
  'user-agent' => 'Mozilla/5.0 (Windows NT 6.1; Win64; x64) AppleWebKit/537.36 (KHTML, like Gecko) Chrome/81.0.4044.138 Safari/537.36',
  'upgrade-insecure-requests' => '1',
  'cache-control' => 'no-cache',
  'pragma' => 'no-cache',
  'connection' => 'keep-alive',
  'host' => 'fast.xtzhjp.com',
  'content-type' => '',
  'content-length' => '',
)
[ info ] [ PARAM ] array (
)
[ info ] [ LANG ] /www/wwwroot/fast/www.fast.com/public/../application/index/lang/zh-cn.php
[ info ] [ BEHAVIOR ] Run app\common\behavior\Common @module_init [ RunTime:0.001111s ]
[ info ] [ RUN ] app\index\controller\Opay->qrcodePay[ /www/wwwroot/fast/www.fast.com/application/index/controller/Opay.php ]
[ info ] [ LOG ] INIT File
[ error ] [8]未定义变量: res[/www/wwwroot/fast/www.fast.com/application/index/controller/Opay.php:40]
---------------------------------------------------------------
[ 2020-07-22T21:05:37+08:00 ] 120.216.255.125 GET fast.xtzhjp.com/index/opay/qrcodepay
[运行时间：0.316842s] [吞吐率：3.16req/s] [内存消耗：4,576.88kb] [文件加载：187]
[ info ] [ BEHAVIOR ] Run Closure @app_init [ RunTime:0.000019s ]
[ info ] [ CACHE ] INIT Redis
[ info ] [ BEHAVIOR ] Run \addons\epay\Epay @app_init [ RunTime:0.001865s ]
[ info ] [ BEHAVIOR ] Run Closure @app_init [ RunTime:0.001880s ]
[ info ] [ LANG ] /www/wwwroot/fast/www.fast.com/thinkphp/lang/zh-cn.php
[ info ] [ BEHAVIOR ] Run app\common\behavior\Common @app_dispatch [ RunTime:0.000156s ]
[ info ] [ ROUTE ] array (
  'type' => 'module',
  'module' => 
  array (
    0 => 'index',
    1 => 'opay',
    2 => 'qrcodepay',
  ),
)
[ info ] [ HEADER ] array (
  'cookie' => 'thinkphp_show_page_trace=0|0; thinkphp_show_page_trace=0|0',
  'accept-language' => 'zh-CN,zh;q=0.9',
  'accept-encoding' => 'gzip, deflate',
  'accept' => 'text/html,application/xhtml+xml,application/xml;q=0.9,image/webp,image/apng,*/*;q=0.8,application/signed-exchange;v=b3;q=0.9',
  'user-agent' => 'Mozilla/5.0 (Windows NT 6.1; Win64; x64) AppleWebKit/537.36 (KHTML, like Gecko) Chrome/81.0.4044.138 Safari/537.36',
  'upgrade-insecure-requests' => '1',
  'cache-control' => 'no-cache',
  'pragma' => 'no-cache',
  'connection' => 'keep-alive',
  'host' => 'fast.xtzhjp.com',
  'content-type' => '',
  'content-length' => '',
)
[ info ] [ PARAM ] array (
)
[ info ] [ LANG ] /www/wwwroot/fast/www.fast.com/public/../application/index/lang/zh-cn.php
[ info ] [ BEHAVIOR ] Run app\common\behavior\Common @module_init [ RunTime:0.001079s ]
[ info ] [ RUN ] app\index\controller\Opay->qrcodePay[ /www/wwwroot/fast/www.fast.com/application/index/controller/Opay.php ]
[ info ] [ VIEW ] /www/wwwroot/fast/www.fast.com/public/../application/index/view/opay/qrcode_pay.html [ array (
  0 => 'code',
) ]
[ info ] [ LOG ] INIT File
---------------------------------------------------------------
[ 2020-07-22T21:05:38+08:00 ] 120.216.255.125 GET fast.xtzhjp.com/index/opay/iVBORw0KGgoAAAANSUhEUgAAAMYAAADGAQMAAACzVW0eAAAABlBMVEX///8AAABVwtN+AAABSUlEQVRYhe2XwY0DMQhFkVyAS6J1SpoCLLF8wGSj3VMucAgaRbFfDozxhx+ib3wWWy3OlqWiDx8irFVmEHycrXiIbXnu5gRiOUayRk7+ahYBfFifecRqbnuW9ZZRxKstC/nKP/egk6RK6vmjnz6SnUSK03t0EheuyzdOFCmvfJ9uAnHYB3trwbYtxxD2xGk9vBRaoauSfrLV9GHbFFpBvnyr3U4kruHS7CueuMwgWqKILljV7ifEdqJoJyBWbSxpzyCZNadPwX2Ueo1uIr4t1Vp+34Nm4o4puosfrbpbmUFwouwq0dtg+FXtXuKm6XblmhU0gkSFcQ2h4OOmAEKZQDJDQLrD9s0LNJJwTxTt+ZqUKUQo55jG9CB3oENI/JMg91AR00h4KC2fMoe4do+T0vEE4tWOTDHKwknNIJozVvOLOwIZQb7xSfwA3re3bII9A4IAAAAASUVORK5CYII=
[运行时间：0.027526s] [吞吐率：36.33req/s] [内存消耗：2,997.34kb] [文件加载：113]
[ info ] [ BEHAVIOR ] Run Closure @app_init [ RunTime:0.000018s ]
[ info ] [ CACHE ] INIT Redis
[ info ] [ BEHAVIOR ] Run \addons\epay\Epay @app_init [ RunTime:0.001828s ]
[ info ] [ BEHAVIOR ] Run Closure @app_init [ RunTime:0.001842s ]
[ info ] [ LANG ] /www/wwwroot/fast/www.fast.com/thinkphp/lang/zh-cn.php
[ info ] [ BEHAVIOR ] Run app\common\behavior\Common @app_dispatch [ RunTime:0.000164s ]
[ info ] [ ROUTE ] array (
  'type' => 'module',
  'module' => 
  array (
    0 => 'index',
    1 => 'opay',
    2 => 'iVBORw0KGgoAAAANSUhEUgAAAMYAAADGAQMAAACzVW0eAAAABlBMVEX',
  ),
)
[ info ] [ HEADER ] array (
  'cookie' => 'thinkphp_show_page_trace=0|0; thinkphp_show_page_trace=0|0',
  'accept-language' => 'zh-CN,zh;q=0.9',
  'accept-encoding' => 'gzip, deflate',
  'referer' => 'http://fast.xtzhjp.com/index/opay/qrcodepay',
  'accept' => 'image/webp,image/apng,image/*,*/*;q=0.8',
  'user-agent' => 'Mozilla/5.0 (Windows NT 6.1; Win64; x64) AppleWebKit/537.36 (KHTML, like Gecko) Chrome/81.0.4044.138 Safari/537.36',
  'cache-control' => 'no-cache',
  'pragma' => 'no-cache',
  'connection' => 'keep-alive',
  'host' => 'fast.xtzhjp.com',
  'content-type' => '',
  'content-length' => '',
)
[ info ] [ PARAM ] array (
  'ahYBfFifecRqbnuW9ZZRxKstC' => 'nKP',
  'ZqUKUQo55jG9CB3oENI' => 'JMg91AR00h4KC2fMoe4do+T0vEE4tWOTDHKwknNIJozVvOLOwIZQb7xSfwA3re3bII9A4IAAAAASUVORK5CYII=',
)
[ info ] [ LANG ] /www/wwwroot/fast/www.fast.com/public/../application/index/lang/zh-cn.php
[ info ] [ BEHAVIOR ] Run app\common\behavior\Common @module_init [ RunTime:0.001083s ]
[ info ] [ LOG ] INIT File
---------------------------------------------------------------
[ 2020-07-22T21:05:42+08:00 ] 120.216.255.125 GET fast.xtzhjp.com/index/opay/qrcodepay
[运行时间：0.339909s] [吞吐率：2.94req/s] [内存消耗：4,576.88kb] [文件加载：187]
[ info ] [ BEHAVIOR ] Run Closure @app_init [ RunTime:0.000019s ]
[ info ] [ CACHE ] INIT Redis
[ info ] [ BEHAVIOR ] Run \addons\epay\Epay @app_init [ RunTime:0.001821s ]
[ info ] [ BEHAVIOR ] Run Closure @app_init [ RunTime:0.001835s ]
[ info ] [ LANG ] /www/wwwroot/fast/www.fast.com/thinkphp/lang/zh-cn.php
[ info ] [ BEHAVIOR ] Run app\common\behavior\Common @app_dispatch [ RunTime:0.000162s ]
[ info ] [ ROUTE ] array (
  'type' => 'module',
  'module' => 
  array (
    0 => 'index',
    1 => 'opay',
    2 => 'qrcodepay',
  ),
)
[ info ] [ HEADER ] array (
  'cookie' => 'thinkphp_show_page_trace=0|0; thinkphp_show_page_trace=0|0',
  'accept-language' => 'zh-CN,zh;q=0.9',
  'accept-encoding' => 'gzip, deflate',
  'accept' => 'text/html,application/xhtml+xml,application/xml;q=0.9,image/webp,image/apng,*/*;q=0.8,application/signed-exchange;v=b3;q=0.9',
  'user-agent' => 'Mozilla/5.0 (Windows NT 6.1; Win64; x64) AppleWebKit/537.36 (KHTML, like Gecko) Chrome/81.0.4044.138 Safari/537.36',
  'upgrade-insecure-requests' => '1',
  'cache-control' => 'no-cache',
  'pragma' => 'no-cache',
  'connection' => 'keep-alive',
  'host' => 'fast.xtzhjp.com',
  'content-type' => '',
  'content-length' => '',
)
[ info ] [ PARAM ] array (
)
[ info ] [ LANG ] /www/wwwroot/fast/www.fast.com/public/../application/index/lang/zh-cn.php
[ info ] [ BEHAVIOR ] Run app\common\behavior\Common @module_init [ RunTime:0.001062s ]
[ info ] [ RUN ] app\index\controller\Opay->qrcodePay[ /www/wwwroot/fast/www.fast.com/application/index/controller/Opay.php ]
[ info ] [ VIEW ] /www/wwwroot/fast/www.fast.com/public/../application/index/view/opay/qrcode_pay.html [ array (
  0 => 'code',
) ]
[ info ] [ LOG ] INIT File
---------------------------------------------------------------
[ 2020-07-22T21:05:42+08:00 ] 120.216.255.125 GET fast.xtzhjp.com/index/opay/iVBORw0KGgoAAAANSUhEUgAAAMYAAADGAQMAAACzVW0eAAAABlBMVEX///8AAABVwtN+AAABQElEQVRYhe2XQQ7DMAgEkfIAP8lf95P6AEuUXbCjNrdevIciy0o9ORDwAjX722/WPGw2j0f3wRU2NAi2STf9ZfXcVEj4ONu4YufP+IKpRfx69ctjN0HiPLv86fVJwgx3I9xx1SCpkrHXt34OkrIe2Y592sMOkspzutkztHNF9DCxvl2GSjKcMmTLIo4zqFkCBQiUkQu83SoRIAinR9ljzunvuo/nCROOs3wF3exW8GkyWWAMTQPRzTqtQSCOOE4pozBzaRBb2a5Xst+KEPdqsKx5ELGLkJybkHB2MxTCGvTOE0AWPB5nqmUIOli4jJxDIhwKVMhyvAGiHrePCeUkWW5GIL36RqlEgAxevZpNWPm4axDoo25ifsRwKdKyY/TdOqRIuoxRZQ2hCgTZZv1jp707hgCpfzk5fvK4q5C//WJvAEt0xH+nS6sAAAAASUVORK5CYII=
[运行时间：0.028385s] [吞吐率：35.23req/s] [内存消耗：2,998.36kb] [文件加载：113]
[ info ] [ BEHAVIOR ] Run Closure @app_init [ RunTime:0.000020s ]
[ info ] [ CACHE ] INIT Redis
[ info ] [ BEHAVIOR ] Run \addons\epay\Epay @app_init [ RunTime:0.001865s ]
[ info ] [ BEHAVIOR ] Run Closure @app_init [ RunTime:0.001879s ]
[ info ] [ LANG ] /www/wwwroot/fast/www.fast.com/thinkphp/lang/zh-cn.php
[ info ] [ BEHAVIOR ] Run app\common\behavior\Common @app_dispatch [ RunTime:0.000178s ]
[ info ] [ ROUTE ] array (
  'type' => 'module',
  'module' => 
  array (
    0 => 'index',
    1 => 'opay',
    2 => 'iVBORw0KGgoAAAANSUhEUgAAAMYAAADGAQMAAACzVW0eAAAABlBMVEX',
  ),
)
[ info ] [ HEADER ] array (
  'cookie' => 'thinkphp_show_page_trace=0|0; thinkphp_show_page_trace=0|0',
  'accept-language' => 'zh-CN,zh;q=0.9',
  'accept-encoding' => 'gzip, deflate',
  'referer' => 'http://fast.xtzhjp.com/index/opay/qrcodepay',
  'accept' => 'image/webp,image/apng,image/*,*/*;q=0.8',
  'user-agent' => 'Mozilla/5.0 (Windows NT 6.1; Win64; x64) AppleWebKit/537.36 (KHTML, like Gecko) Chrome/81.0.4044.138 Safari/537.36',
  'cache-control' => 'no-cache',
  'pragma' => 'no-cache',
  'connection' => 'keep-alive',
  'host' => 'fast.xtzhjp.com',
  'content-type' => '',
  'content-length' => '',
)
[ info ] [ PARAM ] array (
  'AAABQElEQVRYhe2XQQ7DMAgEkfIAP8lf95P6AEuUXbCjNrdevIciy0o9ORDwAjX722' => 'WPGw2j0f3wRU2NAi2STf9ZfXcVEj4ONu4YufP+IKpRfx69ctjN0HiPLv86fVJwgx3I9xx1SCpkrHXt34OkrIe2Y592sMOkspzutkztHNF9DCxvl2GSjKcMmTLIo4zqFkCBQiUkQu83SoRIAinR9ljzunvuo',
  'KEPdqsKx5ELGLkJybkHB2MxTCGvTOE0AWPB5nqmUIOli4jJxDIhwKVMhyvAGiHrePCeUkWW5GIL36RqlEgAxevZpNWPm4axDoo25ifsRwKdKyY' => 'TdOqRIuoxRZQ2hCgTZZv1jp707hgCpfzk5fvK4q5C',
)
[ info ] [ LANG ] /www/wwwroot/fast/www.fast.com/public/../application/index/lang/zh-cn.php
[ info ] [ BEHAVIOR ] Run app\common\behavior\Common @module_init [ RunTime:0.001074s ]
[ info ] [ LOG ] INIT File
---------------------------------------------------------------
[ 2020-07-22T21:05:55+08:00 ] 120.216.255.125 GET fast.xtzhjp.com/index/opay/qrcodepay
[运行时间：0.376715s] [吞吐率：2.65req/s] [内存消耗：4,576.88kb] [文件加载：187]
[ info ] [ BEHAVIOR ] Run Closure @app_init [ RunTime:0.000020s ]
[ info ] [ CACHE ] INIT Redis
[ info ] [ BEHAVIOR ] Run \addons\epay\Epay @app_init [ RunTime:0.001875s ]
[ info ] [ BEHAVIOR ] Run Closure @app_init [ RunTime:0.001909s ]
[ info ] [ LANG ] /www/wwwroot/fast/www.fast.com/thinkphp/lang/zh-cn.php
[ info ] [ BEHAVIOR ] Run app\common\behavior\Common @app_dispatch [ RunTime:0.000166s ]
[ info ] [ ROUTE ] array (
  'type' => 'module',
  'module' => 
  array (
    0 => 'index',
    1 => 'opay',
    2 => 'qrcodepay',
  ),
)
[ info ] [ HEADER ] array (
  'cookie' => 'thinkphp_show_page_trace=0|0; thinkphp_show_page_trace=0|0',
  'accept-language' => 'zh-CN,zh;q=0.9',
  'accept-encoding' => 'gzip, deflate',
  'accept' => 'text/html,application/xhtml+xml,application/xml;q=0.9,image/webp,image/apng,*/*;q=0.8,application/signed-exchange;v=b3;q=0.9',
  'user-agent' => 'Mozilla/5.0 (Windows NT 6.1; Win64; x64) AppleWebKit/537.36 (KHTML, like Gecko) Chrome/81.0.4044.138 Safari/537.36',
  'upgrade-insecure-requests' => '1',
  'cache-control' => 'no-cache',
  'pragma' => 'no-cache',
  'connection' => 'keep-alive',
  'host' => 'fast.xtzhjp.com',
  'content-type' => '',
  'content-length' => '',
)
[ info ] [ PARAM ] array (
)
[ info ] [ LANG ] /www/wwwroot/fast/www.fast.com/public/../application/index/lang/zh-cn.php
[ info ] [ BEHAVIOR ] Run app\common\behavior\Common @module_init [ RunTime:0.001090s ]
[ info ] [ RUN ] app\index\controller\Opay->qrcodePay[ /www/wwwroot/fast/www.fast.com/application/index/controller/Opay.php ]
[ info ] [ VIEW ] /www/wwwroot/fast/www.fast.com/public/../application/index/view/opay/qrcode_pay.html [ array (
  0 => 'code',
) ]
[ info ] [ LOG ] INIT File
---------------------------------------------------------------
[ 2020-07-22T22:59:42+08:00 ] 47.98.104.223 GET fast.xtzhjp.com/
[运行时间：0.024503s] [吞吐率：40.81req/s] [内存消耗：2,491.29kb] [文件加载：115]
[ info ] [ BEHAVIOR ] Run Closure @app_init [ RunTime:0.000019s ]
[ info ] [ CACHE ] INIT Redis
[ info ] [ BEHAVIOR ] Run \addons\epay\Epay @app_init [ RunTime:0.001820s ]
[ info ] [ BEHAVIOR ] Run Closure @app_init [ RunTime:0.001832s ]
[ info ] [ LANG ] /www/wwwroot/fast/www.fast.com/thinkphp/lang/zh-cn.php
[ info ] [ BEHAVIOR ] Run app\common\behavior\Common @app_dispatch [ RunTime:0.000164s ]
[ info ] [ ROUTE ] array (
  'type' => 'module',
  'module' => 
  array (
    0 => '',
    1 => NULL,
    2 => NULL,
  ),
)
[ info ] [ HEADER ] array (
  'accept-encoding' => 'gzip',
  'connection' => 'Keep-Alive',
  'host' => 'fast.xtzhjp.com',
  'user-agent' => 'Mozilla/5.0 chrome(windows nt/Windows NT;)Chrome',
  'content-type' => '',
  'content-length' => '',
)
[ info ] [ PARAM ] array (
)
[ info ] [ LANG ] /www/wwwroot/fast/www.fast.com/public/../application/index/lang/zh-cn.php
[ info ] [ BEHAVIOR ] Run app\common\behavior\Common @module_init [ RunTime:0.001018s ]
[ info ] [ RUN ] app\index\controller\Index->index[ /www/wwwroot/fast/www.fast.com/application/index/controller/Index.php ]
[ info ] [ VIEW ] /www/wwwroot/fast/www.fast.com/public/../application/index/view/index/index.html [ array (
) ]
[ info ] [ LOG ] INIT File
[ error ] [8]未定义变量: code[/www/wwwroot/fast/www.fast.com/runtime/temp/8931ca770d31a982b1f56330afa33980.php:22]
